<?xml version="1.0" encoding="UTF-8"?>
<testng-results skipped="0" failed="0" total="2" passed="2">
  <reporter-output>
  </reporter-output>
  <suite name="Guru99Bank" duration-ms="10771" started-at="2021-09-21T08:25:04Z" finished-at="2021-09-21T08:25:15Z">
    <groups>
    </groups>
    <test name="Guru99Banking Test" duration-ms="10771" started-at="2021-09-21T08:25:04Z" finished-at="2021-09-21T08:25:15Z">
      <class name="com.guru99.testCases.TC_loginDDT_001">
        <test-method status="PASS" signature="setUp(java.lang.String)[pri:0, instance:com.guru99.testCases.TC_loginDDT_001@60addb54]" name="setUp" is-config="true" duration-ms="3603" started-at="2021-09-21T13:55:04Z" finished-at="2021-09-21T13:55:08Z">
          <params>
            <param index="0">
              <value>
                <![CDATA[chrome]]>
              </value>
            </param>
          </params>
          <reporter-output>
          </reporter-output>
        </test-method> <!-- setUp -->
        <test-method status="PASS" signature="loginDDT(java.lang.String, java.lang.String)[pri:0, instance:com.guru99.testCases.TC_loginDDT_001@60addb54]" name="loginDDT" duration-ms="3265" started-at="2021-09-21T13:55:08Z" data-provider="LoginData" finished-at="2021-09-21T13:55:11Z">
          <params>
            <param index="0">
              <value>
                <![CDATA[mngr353180]]>
              </value>
            </param>
            <param index="1">
              <value>
                <![CDATA[nerynYt]]>
              </value>
            </param>
          </params>
          <reporter-output>
          </reporter-output>
        </test-method> <!-- loginDDT -->
        <test-method status="PASS" signature="loginDDT(java.lang.String, java.lang.String)[pri:0, instance:com.guru99.testCases.TC_loginDDT_001@60addb54]" name="loginDDT" duration-ms="2731" started-at="2021-09-21T13:55:11Z" data-provider="LoginData" finished-at="2021-09-21T13:55:14Z">
          <params>
            <param index="0">
              <value>
                <![CDATA[mngr353180]]>
              </value>
            </param>
            <param index="1">
              <value>
                <![CDATA[nerynYt]]>
              </value>
            </param>
          </params>
          <reporter-output>
          </reporter-output>
        </test-method> <!-- loginDDT -->
        <test-method status="PASS" signature="tearDown()[pri:0, instance:com.guru99.testCases.TC_loginDDT_001@60addb54]" name="tearDown" is-config="true" duration-ms="625" started-at="2021-09-21T13:55:14Z" finished-at="2021-09-21T13:55:15Z">
          <reporter-output>
          </reporter-output>
        </test-method> <!-- tearDown -->
      </class> <!-- com.guru99.testCases.TC_loginDDT_001 -->
    </test> <!-- Guru99Banking Test -->
  </suite> <!-- Guru99Bank -->
</testng-results>
